0 info it worked if it ends with ok
1 verbose cli [ 'C:\\Program Files\\nodejs\\node.exe',
1 verbose cli   'C:\\Program Files\\nodejs\\node_modules\\npm\\bin\\npm-cli.js',
1 verbose cli   'run',
1 verbose cli   'dev' ]
2 info using npm@3.8.2
3 info using node@v0.12.6
4 verbose run-script [ 'predev', 'dev', 'postdev' ]
5 info lifecycle meganote-server@0.1.0~predev: meganote-server@0.1.0
6 silly lifecycle meganote-server@0.1.0~predev: no script for predev, continuing
7 info lifecycle meganote-server@0.1.0~dev: meganote-server@0.1.0
8 verbose lifecycle meganote-server@0.1.0~dev: unsafe-perm in lifecycle true
9 verbose lifecycle meganote-server@0.1.0~dev: PATH: C:\Users\Bovojon\AppData\Roaming\nvm\v0.12.6\node_modules\npm\bin\node-gyp-bin;C:\Users\Bovojon\Desktop\projects\xtern\meganote-server\node_modules\.bin;C:\Program Files\nodejs;C:\Users\Bovojon\.babun\cygwin\home\Bovojon\.local\bin;C:\Users\Bovojon\.babun\cygwin\usr\local\bin;C:\Users\Bovojon\.babun\cygwin\usr\local\bin;C:\Users\Bovojon\.babun\cygwin\bin;C:\Users\Bovojon\.babun\cygwin\home\Bovojon\.local\bin;C:\Program Files (x86)\Intel\iCLS Client;C:\Program Files\Intel\iCLS Client;C:\Program Files (x86)\NVIDIA Corporation\PhysX\Common;C:\Windows\system32;C:\Windows;C:\Windows\System32\Wbem;C:\Windows\System32\WindowsPowerShell\v1.0;C:\Program Files (x86)\Windows Live\Shared;C:\Program Files (x86)\Intel\OpenCL SDK\2.0\bin\x86;C:\Program Files (x86)\Intel\OpenCL SDK\2.0\bin\x64;C:\Program Files\Intel\Intel(R) Management Engine Components\DAL;C:\Program Files\Intel\Intel(R) Management Engine Components\IPT;C:\Program Files (x86)\Intel\Intel(R) Management Engine Components\DAL;C:\Program Files (x86)\Intel\Intel(R) Management Engine Components\IPT;C:\Program Files (x86)\Skype\Phone;C:\Program Files\Microsoft\Web Platform Installer;C:\Program Files (x86)\Windows Kits\8.1\Windows Performance Toolkit;C:\Program Files\Microsoft SQL Server\110\Tools\Binn;C:\Program Files (x86)\Microsoft SDKs\TypeScript\1.0;C:\Program Files\Microsoft SQL Server\120\Tools\Binn;C:\Windows\system32\config\systemprofile\.dnx\bin;C:\Program Files\Microsoft DNX\Dnvm;C:\Users\Bovojon\AppData\Roaming\nvm;C:\Program Files\nodejs;C:\Program Files\Git\cmd;C:\Users\Bovojon\Anaconda;C:\Users\Bovojon\Anaconda\Scripts;C:\Users\Bovojon\AppData\Roaming\npm;C:\Users\Bovojon\AppData\Roaming\nvm;C:\Program Files\nodejs;C:\Users\Bovojon\.babun;C:\Program Files\Sublime Text 2;C:\Users\Bovojon\AppData\Local\atom\bin
10 verbose lifecycle meganote-server@0.1.0~dev: CWD: C:\Users\Bovojon\Desktop\projects\xtern\meganote-server
11 silly lifecycle meganote-server@0.1.0~dev: Args: [ '/d /s /c', 'supervisor app.js' ]
12 silly lifecycle meganote-server@0.1.0~dev: Returned: code: 1  signal: null
13 info lifecycle meganote-server@0.1.0~dev: Failed to exec dev script
14 verbose stack Error: meganote-server@0.1.0 dev: `supervisor app.js`
14 verbose stack Exit status 1
14 verbose stack     at EventEmitter.<anonymous> (C:\Users\Bovojon\AppData\Roaming\nvm\v0.12.6\node_modules\npm\lib\utils\lifecycle.js:239:16)
14 verbose stack     at EventEmitter.emit (events.js:110:17)
14 verbose stack     at ChildProcess.<anonymous> (C:\Users\Bovojon\AppData\Roaming\nvm\v0.12.6\node_modules\npm\lib\utils\spawn.js:24:14)
14 verbose stack     at ChildProcess.emit (events.js:110:17)
14 verbose stack     at maybeClose (child_process.js:1015:16)
14 verbose stack     at Process.ChildProcess._handle.onexit (child_process.js:1087:5)
15 verbose pkgid meganote-server@0.1.0
16 verbose cwd C:\Users\Bovojon\Desktop\projects\xtern\meganote-server
17 error Windows_NT 6.3.9600
18 error argv "C:\\Program Files\\nodejs\\node.exe" "C:\\Program Files\\nodejs\\node_modules\\npm\\bin\\npm-cli.js" "run" "dev"
19 error node v0.12.6
20 error npm  v3.8.2
21 error code ELIFECYCLE
22 error meganote-server@0.1.0 dev: `supervisor app.js`
22 error Exit status 1
23 error Failed at the meganote-server@0.1.0 dev script 'supervisor app.js'.
23 error Make sure you have the latest version of node.js and npm installed.
23 error If you do, this is most likely a problem with the meganote-server package,
23 error not with npm itself.
23 error Tell the author that this fails on your system:
23 error     supervisor app.js
23 error You can get information on how to open an issue for this project with:
23 error     npm bugs meganote-server
23 error Or if that isn't available, you can get their info via:
23 error     npm owner ls meganote-server
23 error There is likely additional logging output above.
24 verbose exit [ 1, true ]
